<?xml version="1.0" encoding="UTF-8"?>
<!-- Generated by org.testng.reporters.JUnitReportReporter -->
<testsuite hostname="omkars-macbook.local" name="Test.Test.AppTest" tests="1" failures="0" timestamp="27 Jan 2020 09:07:55 GMT" time="0.001" errors="0">
  <testcase name="testApp" time="0.001" classname="Test.Test.AppTest"/>
</testsuite> <!-- Test.Test.AppTest -->
